2023-05-06 16:15:15,914{GMT}	INFO	[jepsen test runner] jepsen.core: Command line:
lein run test -w echo --bin maelpher-echo --node-count 1 --time-limit 10
2023-05-06 16:15:15,966{GMT}	INFO	[jepsen test runner] jepsen.core: Running test:
{:args []
 :remote
 #jepsen.control.retry.Remote{:remote #jepsen.control.scp.Remote{:cmd-remote #jepsen.control.sshj.SSHJRemote{:concurrency-limit 6,
                                                                                                             :conn-spec nil,
                                                                                                             :client nil,
                                                                                                             :semaphore nil},
                                                                 :conn-spec nil},
                              :conn nil}
 :log-net-send false
 :node-count 1
 :availability nil
 :max-txn-length 4
 :concurrency 1
 :db
 #object[maelstrom.db$db$reify__16142
         "0x219aab91"
         "maelstrom.db$db$reify__16142@219aab91"]
 :max-writes-per-key 16
 :leave-db-running? false
 :name "echo"
 :logging-json? false
 :start-time
 #object[org.joda.time.DateTime "0x6b297a62" "2023-05-06T16:15:15.888-05:00"]
 :nemesis-interval 10
 :net
 #object[maelstrom.net$jepsen_net$reify__15251
         "0x11303cb"
         "maelstrom.net$jepsen_net$reify__15251@11303cb"]
 :client
 #object[maelstrom.workload.echo$client$reify__16863
         "0x655e3f4c"
         "maelstrom.workload.echo$client$reify__16863@655e3f4c"]
 :barrier
 #object[java.util.concurrent.CyclicBarrier
         "0x26e74d50"
         "java.util.concurrent.CyclicBarrier@26e74d50"]
 :log-stderr false
 :pure-generators true
 :ssh {:dummy? true}
 :rate 5
 :checker
 #object[jepsen.checker$compose$reify__11881
         "0x6bdc984"
         "jepsen.checker$compose$reify__11881@6bdc984"]
 :argv
 ("test"
  "-w"
  "echo"
  "--bin"
  "maelpher-echo"
  "--node-count"
  "1"
  "--time-limit"
  "10")
 :nemesis
 (jepsen.nemesis.ReflCompose
  {:fm {:start-partition 0,
        :stop-partition 0,
        :kill 1,
        :start 1,
        :pause 1,
        :resume 1},
   :nemeses [#unprintable "jepsen.nemesis.combined$partition_nemesis$reify__16416@1f299fc3"
             #unprintable "jepsen.nemesis.combined$db_nemesis$reify__16397@b997735"]})
 :nodes ["n0"]
 :test-count 1
 :latency {:mean 0, :dist :constant}
 :bin "maelpher-echo"
 :generator
 (jepsen.generator.TimeLimit
  {:limit 10000000000,
   :cutoff nil,
   :gen (jepsen.generator.Any
         {:gens [(jepsen.generator.OnThreads
                  {:f #{:nemesis},
                   :context-filter #object[jepsen.generator.context$make_thread_filter$lazy_filter__9167
                                           "0x37a5ac85"
                                           "jepsen.generator.context$make_thread_filter$lazy_filter__9167@37a5ac85"],
                   :gen nil})
                 (jepsen.generator.OnThreads
                  {:f #jepsen.generator.context.AllBut{:element :nemesis},
                   :context-filter #object[jepsen.generator.context$make_thread_filter$lazy_filter__9167
                                           "0x5d4f0fd5"
                                           "jepsen.generator.context$make_thread_filter$lazy_filter__9167@5d4f0fd5"],
                   :gen (jepsen.generator.Stagger
                         {:dt 400000000,
                          :next-time nil,
                          :gen (jepsen.generator.EachThread
                                {:fresh-gen #object[maelstrom.workload.echo$workload$fn__16882
                                                    "0x2092b072"
                                                    "maelstrom.workload.echo$workload$fn__16882@2092b072"],
                                 :context-filters #object[clojure.core$promise$reify__8591
                                                          "0x504521ae"
                                                          {:status :pending,
                                                           :val nil}],
                                 :gens {}})})})]})})
 :log-net-recv false
 :os
 #object[maelstrom.net$jepsen_os$reify__15254
         "0x4a9e6ea7"
         "maelstrom.net$jepsen_os$reify__15254@4a9e6ea7"]
 :time-limit 10
 :workload :echo
 :consistency-models [:strict-serializable]
 :topology :grid}

2023-05-06 16:15:17,744{GMT}	INFO	[jepsen node n0] maelstrom.net: Starting Maelstrom network
2023-05-06 16:15:17,745{GMT}	INFO	[jepsen test runner] jepsen.db: Tearing down DB
2023-05-06 16:15:17,746{GMT}	INFO	[jepsen test runner] jepsen.db: Setting up DB
2023-05-06 16:15:17,748{GMT}	INFO	[jepsen node n0] maelstrom.service: Starting services: (lin-kv lin-tso lww-kv seq-kv)
2023-05-06 16:15:17,751{GMT}	INFO	[jepsen node n0] maelstrom.db: Setting up n0
2023-05-06 16:15:17,752{GMT}	INFO	[jepsen node n0] maelstrom.process: launching maelpher-echo []
2023-05-06 16:15:17,953{GMT}	INFO	[jepsen test runner] jepsen.core: Relative time begins now
2023-05-06 16:15:17,967{GMT}	INFO	[jepsen worker 0] jepsen.util: 0	:invoke	:echo	"Please echo 116"
2023-05-06 16:15:17,981{GMT}	INFO	[jepsen worker 0] jepsen.util: 0	:info	:echo	"Please echo 116"	[:crash "unexpected end of JSON input"]
2023-05-06 16:15:18,116{GMT}	INFO	[jepsen worker 0] jepsen.util: 1	:invoke	:echo	"Please echo 77"
2023-05-06 16:15:18,119{GMT}	INFO	[jepsen worker 0] jepsen.util: 1	:info	:echo	"Please echo 77"	[:crash "unexpected end of JSON input"]
2023-05-06 16:15:18,170{GMT}	INFO	[jepsen worker 0] jepsen.util: 2	:invoke	:echo	"Please echo 12"
2023-05-06 16:15:18,172{GMT}	INFO	[jepsen worker 0] jepsen.util: 2	:info	:echo	"Please echo 12"	[:crash "unexpected end of JSON input"]
2023-05-06 16:15:18,366{GMT}	INFO	[jepsen worker 0] jepsen.util: 3	:invoke	:echo	"Please echo 45"
2023-05-06 16:15:18,368{GMT}	INFO	[jepsen worker 0] jepsen.util: 3	:info	:echo	"Please echo 45"	[:crash "unexpected end of JSON input"]
2023-05-06 16:15:18,533{GMT}	INFO	[jepsen worker 0] jepsen.util: 4	:invoke	:echo	"Please echo 107"
2023-05-06 16:15:18,535{GMT}	INFO	[jepsen worker 0] jepsen.util: 4	:info	:echo	"Please echo 107"	[:crash "unexpected end of JSON input"]
2023-05-06 16:15:18,610{GMT}	INFO	[jepsen worker 0] jepsen.util: 5	:invoke	:echo	"Please echo 59"
2023-05-06 16:15:18,612{GMT}	INFO	[jepsen worker 0] jepsen.util: 5	:info	:echo	"Please echo 59"	[:crash "unexpected end of JSON input"]
2023-05-06 16:15:18,620{GMT}	INFO	[jepsen worker 0] jepsen.util: 6	:invoke	:echo	"Please echo 122"
2023-05-06 16:15:18,623{GMT}	INFO	[jepsen worker 0] jepsen.util: 6	:info	:echo	"Please echo 122"	[:crash "unexpected end of JSON input"]
2023-05-06 16:15:18,626{GMT}	INFO	[jepsen worker 0] jepsen.util: 7	:invoke	:echo	"Please echo 75"
2023-05-06 16:15:18,627{GMT}	INFO	[jepsen worker 0] jepsen.util: 7	:info	:echo	"Please echo 75"	[:crash "unexpected end of JSON input"]
2023-05-06 16:15:18,653{GMT}	INFO	[jepsen worker 0] jepsen.util: 8	:invoke	:echo	"Please echo 89"
2023-05-06 16:15:18,655{GMT}	INFO	[jepsen worker 0] jepsen.util: 8	:info	:echo	"Please echo 89"	[:crash "unexpected end of JSON input"]
2023-05-06 16:15:18,926{GMT}	INFO	[jepsen worker 0] jepsen.util: 9	:invoke	:echo	"Please echo 110"
2023-05-06 16:15:18,928{GMT}	INFO	[jepsen worker 0] jepsen.util: 9	:info	:echo	"Please echo 110"	[:crash "unexpected end of JSON input"]
2023-05-06 16:15:19,095{GMT}	INFO	[jepsen worker 0] jepsen.util: 10	:invoke	:echo	"Please echo 82"
2023-05-06 16:15:19,098{GMT}	INFO	[jepsen worker 0] jepsen.util: 10	:info	:echo	"Please echo 82"	[:crash "unexpected end of JSON input"]
2023-05-06 16:15:19,141{GMT}	INFO	[jepsen worker 0] jepsen.util: 11	:invoke	:echo	"Please echo 83"
2023-05-06 16:15:19,143{GMT}	INFO	[jepsen worker 0] jepsen.util: 11	:info	:echo	"Please echo 83"	[:crash "unexpected end of JSON input"]
2023-05-06 16:15:19,528{GMT}	INFO	[jepsen worker 0] jepsen.util: 12	:invoke	:echo	"Please echo 93"
2023-05-06 16:15:19,531{GMT}	INFO	[jepsen worker 0] jepsen.util: 12	:info	:echo	"Please echo 93"	[:crash "unexpected end of JSON input"]
2023-05-06 16:15:19,699{GMT}	INFO	[jepsen worker 0] jepsen.util: 13	:invoke	:echo	"Please echo 112"
2023-05-06 16:15:19,702{GMT}	INFO	[jepsen worker 0] jepsen.util: 13	:info	:echo	"Please echo 112"	[:crash "unexpected end of JSON input"]
2023-05-06 16:15:19,939{GMT}	INFO	[jepsen worker 0] jepsen.util: 14	:invoke	:echo	"Please echo 82"
2023-05-06 16:15:19,941{GMT}	INFO	[jepsen worker 0] jepsen.util: 14	:info	:echo	"Please echo 82"	[:crash "unexpected end of JSON input"]
2023-05-06 16:15:20,223{GMT}	INFO	[jepsen worker 0] jepsen.util: 15	:invoke	:echo	"Please echo 91"
2023-05-06 16:15:20,226{GMT}	INFO	[jepsen worker 0] jepsen.util: 15	:info	:echo	"Please echo 91"	[:crash "unexpected end of JSON input"]
2023-05-06 16:15:20,416{GMT}	INFO	[jepsen worker 0] jepsen.util: 16	:invoke	:echo	"Please echo 91"
2023-05-06 16:15:20,419{GMT}	INFO	[jepsen worker 0] jepsen.util: 16	:info	:echo	"Please echo 91"	[:crash "unexpected end of JSON input"]
2023-05-06 16:15:20,733{GMT}	INFO	[jepsen worker 0] jepsen.util: 17	:invoke	:echo	"Please echo 33"
2023-05-06 16:15:20,735{GMT}	INFO	[jepsen worker 0] jepsen.util: 17	:info	:echo	"Please echo 33"	[:crash "unexpected end of JSON input"]
2023-05-06 16:15:20,914{GMT}	INFO	[jepsen worker 0] jepsen.util: 18	:invoke	:echo	"Please echo 28"
2023-05-06 16:15:20,916{GMT}	INFO	[jepsen worker 0] jepsen.util: 18	:info	:echo	"Please echo 28"	[:crash "unexpected end of JSON input"]
2023-05-06 16:15:21,076{GMT}	INFO	[jepsen worker 0] jepsen.util: 19	:invoke	:echo	"Please echo 8"
2023-05-06 16:15:21,079{GMT}	INFO	[jepsen worker 0] jepsen.util: 19	:info	:echo	"Please echo 8"	[:crash "unexpected end of JSON input"]
2023-05-06 16:15:21,101{GMT}	INFO	[jepsen worker 0] jepsen.util: 20	:invoke	:echo	"Please echo 103"
2023-05-06 16:15:21,103{GMT}	INFO	[jepsen worker 0] jepsen.util: 20	:info	:echo	"Please echo 103"	[:crash "unexpected end of JSON input"]
2023-05-06 16:15:21,331{GMT}	INFO	[jepsen worker 0] jepsen.util: 21	:invoke	:echo	"Please echo 79"
2023-05-06 16:15:21,334{GMT}	INFO	[jepsen worker 0] jepsen.util: 21	:info	:echo	"Please echo 79"	[:crash "unexpected end of JSON input"]
2023-05-06 16:15:21,716{GMT}	INFO	[jepsen worker 0] jepsen.util: 22	:invoke	:echo	"Please echo 21"
2023-05-06 16:15:21,719{GMT}	INFO	[jepsen worker 0] jepsen.util: 22	:info	:echo	"Please echo 21"	[:crash "unexpected end of JSON input"]
2023-05-06 16:15:21,988{GMT}	INFO	[jepsen worker 0] jepsen.util: 23	:invoke	:echo	"Please echo 123"
2023-05-06 16:15:21,991{GMT}	INFO	[jepsen worker 0] jepsen.util: 23	:info	:echo	"Please echo 123"	[:crash "unexpected end of JSON input"]
2023-05-06 16:15:22,269{GMT}	INFO	[jepsen worker 0] jepsen.util: 24	:invoke	:echo	"Please echo 64"
2023-05-06 16:15:22,272{GMT}	INFO	[jepsen worker 0] jepsen.util: 24	:info	:echo	"Please echo 64"	[:crash "unexpected end of JSON input"]
2023-05-06 16:15:22,672{GMT}	INFO	[jepsen worker 0] jepsen.util: 25	:invoke	:echo	"Please echo 66"
2023-05-06 16:15:22,674{GMT}	INFO	[jepsen worker 0] jepsen.util: 25	:info	:echo	"Please echo 66"	[:crash "unexpected end of JSON input"]
2023-05-06 16:15:22,912{GMT}	INFO	[jepsen worker 0] jepsen.util: 26	:invoke	:echo	"Please echo 63"
2023-05-06 16:15:22,914{GMT}	INFO	[jepsen worker 0] jepsen.util: 26	:info	:echo	"Please echo 63"	[:crash "unexpected end of JSON input"]
2023-05-06 16:15:23,071{GMT}	INFO	[jepsen worker 0] jepsen.util: 27	:invoke	:echo	"Please echo 122"
2023-05-06 16:15:23,074{GMT}	INFO	[jepsen worker 0] jepsen.util: 27	:info	:echo	"Please echo 122"	[:crash "unexpected end of JSON input"]
2023-05-06 16:15:23,447{GMT}	INFO	[jepsen worker 0] jepsen.util: 28	:invoke	:echo	"Please echo 69"
2023-05-06 16:15:23,449{GMT}	INFO	[jepsen worker 0] jepsen.util: 28	:info	:echo	"Please echo 69"	[:crash "unexpected end of JSON input"]
2023-05-06 16:15:23,631{GMT}	INFO	[jepsen worker 0] jepsen.util: 29	:invoke	:echo	"Please echo 72"
2023-05-06 16:15:23,633{GMT}	INFO	[jepsen worker 0] jepsen.util: 29	:info	:echo	"Please echo 72"	[:crash "unexpected end of JSON input"]
2023-05-06 16:15:23,794{GMT}	INFO	[jepsen worker 0] jepsen.util: 30	:invoke	:echo	"Please echo 123"
2023-05-06 16:15:23,796{GMT}	INFO	[jepsen worker 0] jepsen.util: 30	:info	:echo	"Please echo 123"	[:crash "unexpected end of JSON input"]
2023-05-06 16:15:24,008{GMT}	INFO	[jepsen worker 0] jepsen.util: 31	:invoke	:echo	"Please echo 119"
2023-05-06 16:15:24,010{GMT}	INFO	[jepsen worker 0] jepsen.util: 31	:info	:echo	"Please echo 119"	[:crash "unexpected end of JSON input"]
2023-05-06 16:15:24,198{GMT}	INFO	[jepsen worker 0] jepsen.util: 32	:invoke	:echo	"Please echo 66"
2023-05-06 16:15:24,201{GMT}	INFO	[jepsen worker 0] jepsen.util: 32	:info	:echo	"Please echo 66"	[:crash "unexpected end of JSON input"]
2023-05-06 16:15:24,436{GMT}	INFO	[jepsen worker 0] jepsen.util: 33	:invoke	:echo	"Please echo 13"
2023-05-06 16:15:24,439{GMT}	INFO	[jepsen worker 0] jepsen.util: 33	:info	:echo	"Please echo 13"	[:crash "unexpected end of JSON input"]
2023-05-06 16:15:24,542{GMT}	INFO	[jepsen worker 0] jepsen.util: 34	:invoke	:echo	"Please echo 39"
2023-05-06 16:15:24,544{GMT}	INFO	[jepsen worker 0] jepsen.util: 34	:info	:echo	"Please echo 39"	[:crash "unexpected end of JSON input"]
2023-05-06 16:15:24,720{GMT}	INFO	[jepsen worker 0] jepsen.util: 35	:invoke	:echo	"Please echo 65"
2023-05-06 16:15:24,721{GMT}	INFO	[jepsen worker 0] jepsen.util: 35	:info	:echo	"Please echo 65"	[:crash "unexpected end of JSON input"]
2023-05-06 16:15:24,994{GMT}	INFO	[jepsen worker 0] jepsen.util: 36	:invoke	:echo	"Please echo 42"
2023-05-06 16:15:24,997{GMT}	INFO	[jepsen worker 0] jepsen.util: 36	:info	:echo	"Please echo 42"	[:crash "unexpected end of JSON input"]
2023-05-06 16:15:25,206{GMT}	INFO	[jepsen worker 0] jepsen.util: 37	:invoke	:echo	"Please echo 121"
2023-05-06 16:15:25,209{GMT}	INFO	[jepsen worker 0] jepsen.util: 37	:info	:echo	"Please echo 121"	[:crash "unexpected end of JSON input"]
2023-05-06 16:15:25,310{GMT}	INFO	[jepsen worker 0] jepsen.util: 38	:invoke	:echo	"Please echo 68"
2023-05-06 16:15:25,311{GMT}	INFO	[jepsen worker 0] jepsen.util: 38	:info	:echo	"Please echo 68"	[:crash "unexpected end of JSON input"]
2023-05-06 16:15:25,328{GMT}	INFO	[jepsen worker 0] jepsen.util: 39	:invoke	:echo	"Please echo 67"
2023-05-06 16:15:25,329{GMT}	INFO	[jepsen worker 0] jepsen.util: 39	:info	:echo	"Please echo 67"	[:crash "unexpected end of JSON input"]
2023-05-06 16:15:25,553{GMT}	INFO	[jepsen worker 0] jepsen.util: 40	:invoke	:echo	"Please echo 122"
2023-05-06 16:15:25,555{GMT}	INFO	[jepsen worker 0] jepsen.util: 40	:info	:echo	"Please echo 122"	[:crash "unexpected end of JSON input"]
2023-05-06 16:15:25,742{GMT}	INFO	[jepsen worker 0] jepsen.util: 41	:invoke	:echo	"Please echo 56"
2023-05-06 16:15:25,745{GMT}	INFO	[jepsen worker 0] jepsen.util: 41	:info	:echo	"Please echo 56"	[:crash "unexpected end of JSON input"]
2023-05-06 16:15:25,886{GMT}	INFO	[jepsen worker 0] jepsen.util: 42	:invoke	:echo	"Please echo 105"
2023-05-06 16:15:25,888{GMT}	INFO	[jepsen worker 0] jepsen.util: 42	:info	:echo	"Please echo 105"	[:crash "unexpected end of JSON input"]
2023-05-06 16:15:26,159{GMT}	INFO	[jepsen worker 0] jepsen.util: 43	:invoke	:echo	"Please echo 98"
2023-05-06 16:15:26,161{GMT}	INFO	[jepsen worker 0] jepsen.util: 43	:info	:echo	"Please echo 98"	[:crash "unexpected end of JSON input"]
2023-05-06 16:15:26,503{GMT}	INFO	[jepsen worker 0] jepsen.util: 44	:invoke	:echo	"Please echo 11"
2023-05-06 16:15:26,505{GMT}	INFO	[jepsen worker 0] jepsen.util: 44	:info	:echo	"Please echo 11"	[:crash "unexpected end of JSON input"]
2023-05-06 16:15:26,851{GMT}	INFO	[jepsen worker 0] jepsen.util: 45	:invoke	:echo	"Please echo 92"
2023-05-06 16:15:26,854{GMT}	INFO	[jepsen worker 0] jepsen.util: 45	:info	:echo	"Please echo 92"	[:crash "unexpected end of JSON input"]
2023-05-06 16:15:27,214{GMT}	INFO	[jepsen worker 0] jepsen.util: 46	:invoke	:echo	"Please echo 79"
2023-05-06 16:15:27,216{GMT}	INFO	[jepsen worker 0] jepsen.util: 46	:info	:echo	"Please echo 79"	[:crash "unexpected end of JSON input"]
2023-05-06 16:15:27,499{GMT}	INFO	[jepsen worker 0] jepsen.util: 47	:invoke	:echo	"Please echo 34"
2023-05-06 16:15:27,502{GMT}	INFO	[jepsen worker 0] jepsen.util: 47	:info	:echo	"Please echo 34"	[:crash "unexpected end of JSON input"]
2023-05-06 16:15:27,731{GMT}	INFO	[jepsen worker 0] jepsen.util: 48	:invoke	:echo	"Please echo 75"
2023-05-06 16:15:27,733{GMT}	INFO	[jepsen worker 0] jepsen.util: 48	:info	:echo	"Please echo 75"	[:crash "unexpected end of JSON input"]
2023-05-06 16:15:27,765{GMT}	INFO	[jepsen test runner] jepsen.core: Run complete, writing
2023-05-06 16:15:27,811{GMT}	INFO	[jepsen node n0] maelstrom.db: Tearing down n0
2023-05-06 16:15:28,783{GMT}	INFO	[jepsen node n0] maelstrom.net: Shutting down Maelstrom network
2023-05-06 16:15:28,786{GMT}	INFO	[jepsen test runner] jepsen.core: Analyzing...
2023-05-06 16:15:29,007{GMT}	INFO	[jepsen test runner] jepsen.core: Analysis complete
2023-05-06 16:15:29,028{GMT}	INFO	[jepsen results] jepsen.store: Wrote /Users/yawarjamal/projects/maelpher/store/echo/20230506T161515.888-0500/results.edn
2023-05-06 16:15:29,128{GMT}	INFO	[jepsen test runner] jepsen.core: {:perf {:latency-graph {:valid? true},
        :rate-graph {:valid? true},
        :valid? true},
 :timeline {:valid? true},
 :exceptions {:valid? true},
 :stats {:valid? false,
         :count 49,
         :ok-count 0,
         :fail-count 0,
         :info-count 49,
         :by-f {:echo {:valid? false,
                       :count 49,
                       :ok-count 0,
                       :fail-count 0,
                       :info-count 49}}},
 :availability {:valid? true, :ok-fraction 0.0},
 :net {:all {:send-count 100,
             :recv-count 100,
             :msg-count 100,
             :msgs-per-op 2.0408163},
       :clients {:send-count 100, :recv-count 100, :msg-count 100},
       :servers {:send-count 0,
                 :recv-count 0,
                 :msg-count 0,
                 :msgs-per-op 0.0},
       :valid? true},
 :workload {:valid? true, :errors ()},
 :valid? false}


Analysis invalid! (ﾉಥ益ಥ）ﾉ ┻━┻
